2020-06-19 20:28:49.227 INFO  --- [Thread-10] o.s.scheduling.concurrent.ThreadPoolTaskExecutor - Shutting down ExecutorService 'applicationTaskExecutor'
2020-06-19 20:28:49.230 INFO  --- [Thread-10] com.zaxxer.hikari.HikariDataSource - HikariPool-1 - Shutdown initiated...
2020-06-19 20:28:49.234 INFO  --- [Thread-10] com.zaxxer.hikari.HikariDataSource - HikariPool-1 - Shutdown completed.
2020-06-19 20:28:49.534 INFO  --- [restartedMain] xyz.blog.PersonalBlogApplication - Starting PersonalBlogApplication on admin with PID 13080 (G:\javaProject\personal_blog\target\classes started by Machenike in G:\javaProject\personal_blog)
2020-06-19 20:28:49.534 INFO  --- [restartedMain] xyz.blog.PersonalBlogApplication - The following profiles are active: dev
2020-06-19 20:28:49.963 INFO  --- [restartedMain] o.s.c.s.PostProcessorRegistrationDelegate$BeanPostProcessorChecker - Bean 'org.springframework.transaction.annotation.ProxyTransactionManagementConfiguration' of type [org.springframework.transaction.annotation.ProxyTransactionManagementConfiguration$$EnhancerBySpringCGLIB$$48b86741] is not eligible for getting processed by all BeanPostProcessors (for example: not eligible for auto-proxying)
2020-06-19 20:28:50.063 INFO  --- [restartedMain] o.s.boot.web.embedded.tomcat.TomcatWebServer - Tomcat initialized with port(s): 8888 (http)
2020-06-19 20:28:50.064 INFO  --- [restartedMain] org.apache.coyote.http11.Http11NioProtocol - Initializing ProtocolHandler ["http-nio-8888"]
2020-06-19 20:28:50.064 INFO  --- [restartedMain] org.apache.catalina.core.StandardService - Starting service [Tomcat]
2020-06-19 20:28:50.065 INFO  --- [restartedMain] org.apache.catalina.core.StandardEngine - Starting Servlet engine: [Apache Tomcat/9.0.16]
2020-06-19 20:28:50.079 INFO  --- [restartedMain] o.a.c.core.ContainerBase.[Tomcat].[localhost].[/] - Initializing Spring embedded WebApplicationContext
2020-06-19 20:28:50.079 INFO  --- [restartedMain] org.springframework.web.context.ContextLoader - Root WebApplicationContext: initialization completed in 543 ms
2020-06-19 20:28:50.556 INFO  --- [restartedMain] s.d.s.w.PropertySourcedRequestMappingHandlerMapping - Mapped URL path [/v2/api-docs] onto method [public org.springframework.http.ResponseEntity<springfox.documentation.spring.web.json.Json> springfox.documentation.swagger2.web.Swagger2Controller.getDocumentation(java.lang.String,javax.servlet.http.HttpServletRequest)]
2020-06-19 20:28:50.578 INFO  --- [restartedMain] o.s.b.a.s.s.UserDetailsServiceAutoConfiguration - 

Using generated security password: bb645884-c231-48c3-a79a-58d4ec535e81

2020-06-19 20:28:50.586 INFO  --- [restartedMain] o.s.security.web.DefaultSecurityFilterChain - Creating filter chain: any request, [org.springframework.security.web.context.request.async.WebAsyncManagerIntegrationFilter@499a9ec8, org.springframework.security.web.context.SecurityContextPersistenceFilter@5073f4aa, org.springframework.security.web.header.HeaderWriterFilter@5640fd73, org.springframework.security.web.authentication.logout.LogoutFilter@691df680, org.springframework.security.web.savedrequest.RequestCacheAwareFilter@4a1c73a0, org.springframework.security.web.servletapi.SecurityContextHolderAwareRequestFilter@1be6b4f5, org.springframework.security.web.authentication.AnonymousAuthenticationFilter@717c7afa, org.springframework.security.web.session.SessionManagementFilter@280b4041, org.springframework.security.web.access.ExceptionTranslationFilter@ab218fc, org.springframework.security.web.access.intercept.FilterSecurityInterceptor@2527444d]
2020-06-19 20:28:50.640 INFO  --- [restartedMain] o.s.scheduling.concurrent.ThreadPoolTaskExecutor - Initializing ExecutorService 'applicationTaskExecutor'
2020-06-19 20:28:50.653 INFO  --- [restartedMain] o.s.b.d.autoconfigure.OptionalLiveReloadServer - LiveReload server is running on port 35729
2020-06-19 20:28:50.726 INFO  --- [restartedMain] s.d.s.web.plugins.DocumentationPluginsBootstrapper - Context refreshed
2020-06-19 20:28:50.728 INFO  --- [restartedMain] s.d.s.web.plugins.DocumentationPluginsBootstrapper - Found 1 custom documentation plugin(s)
2020-06-19 20:28:50.737 INFO  --- [restartedMain] s.d.spring.web.scanners.ApiListingReferenceScanner - Scanning for api listing references
2020-06-19 20:28:50.767 INFO  --- [restartedMain] s.d.s.w.r.operation.CachingOperationNameGenerator - Generating unique operation named: addUsingPOST_1
2020-06-19 20:28:50.769 INFO  --- [restartedMain] s.d.s.w.r.operation.CachingOperationNameGenerator - Generating unique operation named: deleteUsingDELETE_1
2020-06-19 20:28:50.770 INFO  --- [restartedMain] s.d.s.w.r.operation.CachingOperationNameGenerator - Generating unique operation named: findAllUsingGET_1
2020-06-19 20:28:50.771 INFO  --- [restartedMain] s.d.s.w.r.operation.CachingOperationNameGenerator - Generating unique operation named: findByIdUsingGET_1
2020-06-19 20:28:50.773 INFO  --- [restartedMain] s.d.s.w.r.operation.CachingOperationNameGenerator - Generating unique operation named: updateUsingPUT_1
2020-06-19 20:28:50.777 INFO  --- [restartedMain] s.d.s.w.r.operation.CachingOperationNameGenerator - Generating unique operation named: addUsingPOST_2
2020-06-19 20:28:50.778 INFO  --- [restartedMain] s.d.s.w.r.operation.CachingOperationNameGenerator - Generating unique operation named: deleteUsingDELETE_2
2020-06-19 20:28:50.780 INFO  --- [restartedMain] s.d.s.w.r.operation.CachingOperationNameGenerator - Generating unique operation named: findAllUsingGET_2
2020-06-19 20:28:50.781 INFO  --- [restartedMain] s.d.s.w.r.operation.CachingOperationNameGenerator - Generating unique operation named: findByIdUsingGET_2
2020-06-19 20:28:50.783 INFO  --- [restartedMain] s.d.s.w.r.operation.CachingOperationNameGenerator - Generating unique operation named: updateUsingPUT_2
2020-06-19 20:28:50.784 INFO  --- [restartedMain] s.d.s.w.r.operation.CachingOperationNameGenerator - Generating unique operation named: addUsingPOST_3
2020-06-19 20:28:50.785 INFO  --- [restartedMain] s.d.s.w.r.operation.CachingOperationNameGenerator - Generating unique operation named: deleteUsingDELETE_3
2020-06-19 20:28:50.787 INFO  --- [restartedMain] s.d.s.w.r.operation.CachingOperationNameGenerator - Generating unique operation named: findAllUsingGET_3
2020-06-19 20:28:50.788 INFO  --- [restartedMain] s.d.s.w.r.operation.CachingOperationNameGenerator - Generating unique operation named: findByIdUsingGET_3
2020-06-19 20:28:50.789 INFO  --- [restartedMain] s.d.s.w.r.operation.CachingOperationNameGenerator - Generating unique operation named: updateUsingPUT_3
2020-06-19 20:28:50.795 INFO  --- [restartedMain] org.apache.coyote.http11.Http11NioProtocol - Starting ProtocolHandler ["http-nio-8888"]
2020-06-19 20:28:50.798 INFO  --- [restartedMain] o.s.boot.web.embedded.tomcat.TomcatWebServer - Tomcat started on port(s): 8888 (http) with context path ''
2020-06-19 20:28:50.799 INFO  --- [restartedMain] xyz.blog.PersonalBlogApplication - Started PersonalBlogApplication in 1.303 seconds (JVM running for 77662.475)
2020-06-19 20:28:50.802 INFO  --- [restartedMain] o.s.b.d.a.ConditionEvaluationDeltaLoggingListener - Condition evaluation unchanged
2020-06-19 20:29:04.629 INFO  --- [http-nio-8888-exec-1] o.a.c.core.ContainerBase.[Tomcat].[localhost].[/] - Initializing Spring DispatcherServlet 'dispatcherServlet'
2020-06-19 20:29:04.630 INFO  --- [http-nio-8888-exec-1] org.springframework.web.servlet.DispatcherServlet - Initializing Servlet 'dispatcherServlet'
2020-06-19 20:29:04.638 INFO  --- [http-nio-8888-exec-1] org.springframework.web.servlet.DispatcherServlet - Completed initialization in 8 ms
2020-06-19 20:29:04.646 INFO  --- [http-nio-8888-exec-1] com.zaxxer.hikari.HikariDataSource - HikariPool-2 - Starting...
2020-06-19 20:29:04.651 INFO  --- [http-nio-8888-exec-1] com.zaxxer.hikari.HikariDataSource - HikariPool-2 - Start completed.
2020-06-19 20:35:29.869 INFO  --- [Thread-20] o.s.scheduling.concurrent.ThreadPoolTaskExecutor - Shutting down ExecutorService 'applicationTaskExecutor'
2020-06-19 20:35:29.871 INFO  --- [Thread-20] com.zaxxer.hikari.HikariDataSource - HikariPool-2 - Shutdown initiated...
2020-06-19 20:35:29.879 INFO  --- [Thread-20] com.zaxxer.hikari.HikariDataSource - HikariPool-2 - Shutdown completed.
2020-06-19 20:35:30.290 INFO  --- [restartedMain] xyz.blog.PersonalBlogApplication - Starting PersonalBlogApplication on admin with PID 13080 (G:\javaProject\personal_blog\target\classes started by Machenike in G:\javaProject\personal_blog)
2020-06-19 20:35:30.290 INFO  --- [restartedMain] xyz.blog.PersonalBlogApplication - The following profiles are active: dev
2020-06-19 20:35:30.695 INFO  --- [restartedMain] o.s.c.s.PostProcessorRegistrationDelegate$BeanPostProcessorChecker - Bean 'org.springframework.transaction.annotation.ProxyTransactionManagementConfiguration' of type [org.springframework.transaction.annotation.ProxyTransactionManagementConfiguration$$EnhancerBySpringCGLIB$$48b86741] is not eligible for getting processed by all BeanPostProcessors (for example: not eligible for auto-proxying)
2020-06-19 20:35:30.768 INFO  --- [restartedMain] o.s.boot.web.embedded.tomcat.TomcatWebServer - Tomcat initialized with port(s): 8888 (http)
2020-06-19 20:35:30.769 INFO  --- [restartedMain] org.apache.coyote.http11.Http11NioProtocol - Initializing ProtocolHandler ["http-nio-8888"]
2020-06-19 20:35:30.769 INFO  --- [restartedMain] org.apache.catalina.core.StandardService - Starting service [Tomcat]
2020-06-19 20:35:30.769 INFO  --- [restartedMain] org.apache.catalina.core.StandardEngine - Starting Servlet engine: [Apache Tomcat/9.0.16]
2020-06-19 20:35:30.782 INFO  --- [restartedMain] o.a.c.core.ContainerBase.[Tomcat].[localhost].[/] - Initializing Spring embedded WebApplicationContext
2020-06-19 20:35:30.782 INFO  --- [restartedMain] org.springframework.web.context.ContextLoader - Root WebApplicationContext: initialization completed in 490 ms
2020-06-19 20:35:31.184 INFO  --- [restartedMain] s.d.s.w.PropertySourcedRequestMappingHandlerMapping - Mapped URL path [/v2/api-docs] onto method [public org.springframework.http.ResponseEntity<springfox.documentation.spring.web.json.Json> springfox.documentation.swagger2.web.Swagger2Controller.getDocumentation(java.lang.String,javax.servlet.http.HttpServletRequest)]
2020-06-19 20:35:31.201 INFO  --- [restartedMain] o.s.b.a.s.s.UserDetailsServiceAutoConfiguration - 

Using generated security password: 62e8bb73-d56f-4172-9483-e24b964942c2

2020-06-19 20:35:31.207 INFO  --- [restartedMain] o.s.security.web.DefaultSecurityFilterChain - Creating filter chain: any request, [org.springframework.security.web.context.request.async.WebAsyncManagerIntegrationFilter@30b50e34, org.springframework.security.web.context.SecurityContextPersistenceFilter@7c5f5792, org.springframework.security.web.header.HeaderWriterFilter@75c06fb4, org.springframework.security.web.authentication.logout.LogoutFilter@30e37ade, org.springframework.security.web.savedrequest.RequestCacheAwareFilter@4fecc40, org.springframework.security.web.servletapi.SecurityContextHolderAwareRequestFilter@7235aea4, org.springframework.security.web.authentication.AnonymousAuthenticationFilter@15a484e6, org.springframework.security.web.session.SessionManagementFilter@5c63cee2, org.springframework.security.web.access.ExceptionTranslationFilter@53356d94, org.springframework.security.web.access.intercept.FilterSecurityInterceptor@34afd02c]
2020-06-19 20:35:31.249 INFO  --- [restartedMain] o.s.scheduling.concurrent.ThreadPoolTaskExecutor - Initializing ExecutorService 'applicationTaskExecutor'
2020-06-19 20:35:31.259 INFO  --- [restartedMain] o.s.b.d.autoconfigure.OptionalLiveReloadServer - LiveReload server is running on port 35729
2020-06-19 20:35:31.315 INFO  --- [restartedMain] s.d.s.web.plugins.DocumentationPluginsBootstrapper - Context refreshed
2020-06-19 20:35:31.316 INFO  --- [restartedMain] s.d.s.web.plugins.DocumentationPluginsBootstrapper - Found 1 custom documentation plugin(s)
2020-06-19 20:35:31.323 INFO  --- [restartedMain] s.d.spring.web.scanners.ApiListingReferenceScanner - Scanning for api listing references
2020-06-19 20:35:31.342 INFO  --- [restartedMain] s.d.s.w.r.operation.CachingOperationNameGenerator - Generating unique operation named: addUsingPOST_1
2020-06-19 20:35:31.343 INFO  --- [restartedMain] s.d.s.w.r.operation.CachingOperationNameGenerator - Generating unique operation named: deleteUsingDELETE_1
2020-06-19 20:35:31.344 INFO  --- [restartedMain] s.d.s.w.r.operation.CachingOperationNameGenerator - Generating unique operation named: findAllUsingGET_1
2020-06-19 20:35:31.346 INFO  --- [restartedMain] s.d.s.w.r.operation.CachingOperationNameGenerator - Generating unique operation named: findByIdUsingGET_1
2020-06-19 20:35:31.347 INFO  --- [restartedMain] s.d.s.w.r.operation.CachingOperationNameGenerator - Generating unique operation named: updateUsingPUT_1
2020-06-19 20:35:31.350 INFO  --- [restartedMain] s.d.s.w.r.operation.CachingOperationNameGenerator - Generating unique operation named: addUsingPOST_2
2020-06-19 20:35:31.351 INFO  --- [restartedMain] s.d.s.w.r.operation.CachingOperationNameGenerator - Generating unique operation named: deleteUsingDELETE_2
2020-06-19 20:35:31.352 INFO  --- [restartedMain] s.d.s.w.r.operation.CachingOperationNameGenerator - Generating unique operation named: findAllUsingGET_2
2020-06-19 20:35:31.352 INFO  --- [restartedMain] s.d.s.w.r.operation.CachingOperationNameGenerator - Generating unique operation named: findByIdUsingGET_2
2020-06-19 20:35:31.353 INFO  --- [restartedMain] s.d.s.w.r.operation.CachingOperationNameGenerator - Generating unique operation named: updateUsingPUT_2
2020-06-19 20:35:31.354 INFO  --- [restartedMain] s.d.s.w.r.operation.CachingOperationNameGenerator - Generating unique operation named: addUsingPOST_3
2020-06-19 20:35:31.355 INFO  --- [restartedMain] s.d.s.w.r.operation.CachingOperationNameGenerator - Generating unique operation named: deleteUsingDELETE_3
2020-06-19 20:35:31.356 INFO  --- [restartedMain] s.d.s.w.r.operation.CachingOperationNameGenerator - Generating unique operation named: findAllUsingGET_3
2020-06-19 20:35:31.358 INFO  --- [restartedMain] s.d.s.w.r.operation.CachingOperationNameGenerator - Generating unique operation named: findByIdUsingGET_3
2020-06-19 20:35:31.359 INFO  --- [restartedMain] s.d.s.w.r.operation.CachingOperationNameGenerator - Generating unique operation named: updateUsingPUT_3
2020-06-19 20:35:31.362 INFO  --- [restartedMain] org.apache.coyote.http11.Http11NioProtocol - Starting ProtocolHandler ["http-nio-8888"]
2020-06-19 20:35:31.365 INFO  --- [restartedMain] o.s.boot.web.embedded.tomcat.TomcatWebServer - Tomcat started on port(s): 8888 (http) with context path ''
2020-06-19 20:35:31.366 INFO  --- [restartedMain] xyz.blog.PersonalBlogApplication - Started PersonalBlogApplication in 1.106 seconds (JVM running for 78063.042)
2020-06-19 20:35:31.368 INFO  --- [restartedMain] o.s.b.d.a.ConditionEvaluationDeltaLoggingListener - Condition evaluation unchanged
2020-06-19 20:36:32.966 INFO  --- [Thread-26] o.s.scheduling.concurrent.ThreadPoolTaskExecutor - Shutting down ExecutorService 'applicationTaskExecutor'
2020-06-19 20:36:33.270 INFO  --- [restartedMain] xyz.blog.PersonalBlogApplication - Starting PersonalBlogApplication on admin with PID 13080 (G:\javaProject\personal_blog\target\classes started by Machenike in G:\javaProject\personal_blog)
2020-06-19 20:36:33.271 INFO  --- [restartedMain] xyz.blog.PersonalBlogApplication - The following profiles are active: dev
2020-06-19 20:36:33.615 INFO  --- [restartedMain] o.s.c.s.PostProcessorRegistrationDelegate$BeanPostProcessorChecker - Bean 'org.springframework.transaction.annotation.ProxyTransactionManagementConfiguration' of type [org.springframework.transaction.annotation.ProxyTransactionManagementConfiguration$$EnhancerBySpringCGLIB$$48b86741] is not eligible for getting processed by all BeanPostProcessors (for example: not eligible for auto-proxying)
2020-06-19 20:36:33.681 INFO  --- [restartedMain] o.s.boot.web.embedded.tomcat.TomcatWebServer - Tomcat initialized with port(s): 8888 (http)
2020-06-19 20:36:33.681 INFO  --- [restartedMain] org.apache.coyote.http11.Http11NioProtocol - Initializing ProtocolHandler ["http-nio-8888"]
2020-06-19 20:36:33.682 INFO  --- [restartedMain] org.apache.catalina.core.StandardService - Starting service [Tomcat]
2020-06-19 20:36:33.682 INFO  --- [restartedMain] org.apache.catalina.core.StandardEngine - Starting Servlet engine: [Apache Tomcat/9.0.16]
2020-06-19 20:36:33.693 INFO  --- [restartedMain] o.a.c.core.ContainerBase.[Tomcat].[localhost].[/] - Initializing Spring embedded WebApplicationContext
2020-06-19 20:36:33.693 INFO  --- [restartedMain] org.springframework.web.context.ContextLoader - Root WebApplicationContext: initialization completed in 420 ms
2020-06-19 20:36:34.107 INFO  --- [restartedMain] s.d.s.w.PropertySourcedRequestMappingHandlerMapping - Mapped URL path [/v2/api-docs] onto method [public org.springframework.http.ResponseEntity<springfox.documentation.spring.web.json.Json> springfox.documentation.swagger2.web.Swagger2Controller.getDocumentation(java.lang.String,javax.servlet.http.HttpServletRequest)]
2020-06-19 20:36:34.127 INFO  --- [restartedMain] o.s.b.a.s.s.UserDetailsServiceAutoConfiguration - 

Using generated security password: 7aafc4a3-3c23-44a1-a0ef-0a38ecd82839

2020-06-19 20:36:34.137 INFO  --- [restartedMain] o.s.security.web.DefaultSecurityFilterChain - Creating filter chain: any request, [org.springframework.security.web.context.request.async.WebAsyncManagerIntegrationFilter@b5dd78b, org.springframework.security.web.context.SecurityContextPersistenceFilter@2d6990d, org.springframework.security.web.header.HeaderWriterFilter@7cb9aaaa, org.springframework.security.web.authentication.logout.LogoutFilter@63e05fb3, org.springframework.security.web.savedrequest.RequestCacheAwareFilter@66e7f12d, org.springframework.security.web.servletapi.SecurityContextHolderAwareRequestFilter@57baeba1, org.springframework.security.web.authentication.AnonymousAuthenticationFilter@45aca55f, org.springframework.security.web.session.SessionManagementFilter@6fab68a5, org.springframework.security.web.access.ExceptionTranslationFilter@3c7b15d7, org.springframework.security.web.access.intercept.FilterSecurityInterceptor@7d5d9faf]
2020-06-19 20:36:34.194 INFO  --- [restartedMain] o.s.scheduling.concurrent.ThreadPoolTaskExecutor - Initializing ExecutorService 'applicationTaskExecutor'
2020-06-19 20:36:34.207 INFO  --- [restartedMain] o.s.b.d.autoconfigure.OptionalLiveReloadServer - LiveReload server is running on port 35729
2020-06-19 20:36:34.273 INFO  --- [restartedMain] s.d.s.web.plugins.DocumentationPluginsBootstrapper - Context refreshed
2020-06-19 20:36:34.274 INFO  --- [restartedMain] s.d.s.web.plugins.DocumentationPluginsBootstrapper - Found 1 custom documentation plugin(s)
2020-06-19 20:36:34.279 INFO  --- [restartedMain] s.d.spring.web.scanners.ApiListingReferenceScanner - Scanning for api listing references
2020-06-19 20:36:34.300 INFO  --- [restartedMain] s.d.s.w.r.operation.CachingOperationNameGenerator - Generating unique operation named: addUsingPOST_1
2020-06-19 20:36:34.302 INFO  --- [restartedMain] s.d.s.w.r.operation.CachingOperationNameGenerator - Generating unique operation named: deleteUsingDELETE_1
2020-06-19 20:36:34.303 INFO  --- [restartedMain] s.d.s.w.r.operation.CachingOperationNameGenerator - Generating unique operation named: findAllUsingGET_1
2020-06-19 20:36:34.304 INFO  --- [restartedMain] s.d.s.w.r.operation.CachingOperationNameGenerator - Generating unique operation named: findByIdUsingGET_1
2020-06-19 20:36:34.305 INFO  --- [restartedMain] s.d.s.w.r.operation.CachingOperationNameGenerator - Generating unique operation named: updateUsingPUT_1
2020-06-19 20:36:34.307 INFO  --- [restartedMain] s.d.s.w.r.operation.CachingOperationNameGenerator - Generating unique operation named: addUsingPOST_2
2020-06-19 20:36:34.308 INFO  --- [restartedMain] s.d.s.w.r.operation.CachingOperationNameGenerator - Generating unique operation named: deleteUsingDELETE_2
2020-06-19 20:36:34.309 INFO  --- [restartedMain] s.d.s.w.r.operation.CachingOperationNameGenerator - Generating unique operation named: findAllUsingGET_2
2020-06-19 20:36:34.310 INFO  --- [restartedMain] s.d.s.w.r.operation.CachingOperationNameGenerator - Generating unique operation named: findByIdUsingGET_2
2020-06-19 20:36:34.312 INFO  --- [restartedMain] s.d.s.w.r.operation.CachingOperationNameGenerator - Generating unique operation named: updateUsingPUT_2
2020-06-19 20:36:34.315 INFO  --- [restartedMain] s.d.s.w.r.operation.CachingOperationNameGenerator - Generating unique operation named: addUsingPOST_3
2020-06-19 20:36:34.316 INFO  --- [restartedMain] s.d.s.w.r.operation.CachingOperationNameGenerator - Generating unique operation named: deleteUsingDELETE_3
2020-06-19 20:36:34.317 INFO  --- [restartedMain] s.d.s.w.r.operation.CachingOperationNameGenerator - Generating unique operation named: findAllUsingGET_3
2020-06-19 20:36:34.319 INFO  --- [restartedMain] s.d.s.w.r.operation.CachingOperationNameGenerator - Generating unique operation named: findByIdUsingGET_3
2020-06-19 20:36:34.321 INFO  --- [restartedMain] s.d.s.w.r.operation.CachingOperationNameGenerator - Generating unique operation named: updateUsingPUT_3
2020-06-19 20:36:34.326 INFO  --- [restartedMain] org.apache.coyote.http11.Http11NioProtocol - Starting ProtocolHandler ["http-nio-8888"]
2020-06-19 20:36:34.330 INFO  --- [restartedMain] o.s.boot.web.embedded.tomcat.TomcatWebServer - Tomcat started on port(s): 8888 (http) with context path ''
2020-06-19 20:36:34.331 INFO  --- [restartedMain] xyz.blog.PersonalBlogApplication - Started PersonalBlogApplication in 1.091 seconds (JVM running for 78126.008)
2020-06-19 20:36:34.336 INFO  --- [restartedMain] o.s.b.d.a.ConditionEvaluationDeltaLoggingListener - Condition evaluation delta:


==========================
CONDITION EVALUATION DELTA
==========================


Positive matches:
-----------------

    None


Negative matches:
-----------------

   TransactionAutoConfiguration.EnableTransactionManagementConfiguration:
      Did not match:
         - @ConditionalOnMissingBean (types: org.springframework.transaction.annotation.AbstractTransactionManagementConfiguration; SearchStrategy: all) found beans of type 'org.springframework.transaction.annotation.AbstractTransactionManagementConfiguration' org.springframework.transaction.annotation.ProxyTransactionManagementConfiguration (OnBeanCondition)

   TransactionAutoConfiguration.EnableTransactionManagementConfiguration.CglibAutoProxyConfiguration:
      Did not match:
         - Ancestor org.springframework.boot.autoconfigure.transaction.TransactionAutoConfiguration$EnableTransactionManagementConfiguration did not match (ConditionEvaluationReport.AncestorsMatchedCondition)
      Matched:
         - @ConditionalOnProperty (spring.aop.proxy-target-class=true) matched (OnPropertyCondition)


Exclusions:
-----------

    None


Unconditional classes:
----------------------

    None



2020-06-19 20:38:45.733 INFO  --- [restartedMain] xyz.blog.PersonalBlogApplication - Starting PersonalBlogApplication on admin with PID 12472 (G:\javaProject\personal_blog\target\classes started by Machenike in G:\javaProject\personal_blog)
2020-06-19 20:38:45.736 INFO  --- [restartedMain] xyz.blog.PersonalBlogApplication - The following profiles are active: dev
2020-06-19 20:38:45.836 INFO  --- [restartedMain] o.s.b.d.env.DevToolsPropertyDefaultsPostProcessor - Devtools property defaults active! Set 'spring.devtools.add-properties' to 'false' to disable
2020-06-19 20:38:45.836 INFO  --- [restartedMain] o.s.b.d.env.DevToolsPropertyDefaultsPostProcessor - For additional web related logging consider setting the 'logging.level.web' property to 'DEBUG'
2020-06-19 20:38:46.910 INFO  --- [restartedMain] o.s.c.s.PostProcessorRegistrationDelegate$BeanPostProcessorChecker - Bean 'org.springframework.transaction.annotation.ProxyTransactionManagementConfiguration' of type [org.springframework.transaction.annotation.ProxyTransactionManagementConfiguration$$EnhancerBySpringCGLIB$$c5461bff] is not eligible for getting processed by all BeanPostProcessors (for example: not eligible for auto-proxying)
2020-06-19 20:38:47.227 INFO  --- [restartedMain] o.s.boot.web.embedded.tomcat.TomcatWebServer - Tomcat initialized with port(s): 8888 (http)
2020-06-19 20:38:47.238 INFO  --- [restartedMain] org.apache.coyote.http11.Http11NioProtocol - Initializing ProtocolHandler ["http-nio-8888"]
2020-06-19 20:38:47.245 INFO  --- [restartedMain] org.apache.catalina.core.StandardService - Starting service [Tomcat]
2020-06-19 20:38:47.245 INFO  --- [restartedMain] org.apache.catalina.core.StandardEngine - Starting Servlet engine: [Apache Tomcat/9.0.16]
2020-06-19 20:38:47.260 INFO  --- [restartedMain] org.apache.catalina.core.AprLifecycleListener - The APR based Apache Tomcat Native library which allows optimal performance in production environments was not found on the java.library.path: [D:\Java\jdk1.8.0_144\bin;C:\WINDOWS\Sun\Java\bin;C:\WINDOWS\system32;C:\WINDOWS;D:\Tool\NetSarang\Xftp6\;D:\Tool\NetSarang\Xshell6\;C:\Windows\system32;C:\Windows;C:\Windows\System32\Wbem;C:\Windows\System32\WindowsPowerShell\v1.0\;C:\Program Files (x86)\NVIDIA Corporation\PhysX\Common;C:\Program Files\Intel\WiFi\bin\;C:\Program Files\Common Files\Intel\WirelessCommon\;D:\Java\jdk1.8.0_144\bin;D:\Tool\Git\cmd;C:\Program Files (x86)\MySQL\MySQL Server 5.5\bin;C:\WINDOWS\system32;C:\WINDOWS;C:\WINDOWS\System32\Wbem;C:\WINDOWS\System32\WindowsPowerShell\v1.0\;D:\Tool\MongoDB\Server\4.0\bin;D:\Android\SDK\platform-tools;D:\Android\SDK\tools;C:\WINDOWS\System32\OpenSSH\;D:\Program Files\Microsoft VS Code\bin;D:\flutter\flutter\bin;D:\Program Files\erl9.2\bin;D:\MinGW\bin;C:\Program Files\nodejs\;D:\Program Files\Python36\Scripts\;D:\Program Files\Python36\;C:\Users\Machenike\AppData\Local\Microsoft\WindowsApps;C:\Program Files\Intel\WiFi\bin\;C:\Program Files\Common Files\Intel\WirelessCommon\;D:\Program Files\Microsoft VS Code\bin;D:\Program Files\Python36\Lib\site-packages\Django-1.8.19-py3.6.egg\django\bin;D:\Java\apache-maven-3.2.2\bin;C:\Users\Machenike\AppData\Roaming\npm;.]
2020-06-19 20:38:47.332 INFO  --- [restartedMain] o.a.c.core.ContainerBase.[Tomcat].[localhost].[/] - Initializing Spring embedded WebApplicationContext
2020-06-19 20:38:47.332 INFO  --- [restartedMain] org.springframework.web.context.ContextLoader - Root WebApplicationContext: initialization completed in 1496 ms
2020-06-19 20:38:48.220 INFO  --- [restartedMain] s.d.s.w.PropertySourcedRequestMappingHandlerMapping - Mapped URL path [/v2/api-docs] onto method [public org.springframework.http.ResponseEntity<springfox.documentation.spring.web.json.Json> springfox.documentation.swagger2.web.Swagger2Controller.getDocumentation(java.lang.String,javax.servlet.http.HttpServletRequest)]
2020-06-19 20:38:48.275 INFO  --- [restartedMain] o.s.b.a.s.s.UserDetailsServiceAutoConfiguration - 

Using generated security password: 6af9f79c-144e-46ef-b8a0-3ac76bbb1c89

2020-06-19 20:38:48.337 INFO  --- [restartedMain] o.s.security.web.DefaultSecurityFilterChain - Creating filter chain: any request, [org.springframework.security.web.context.request.async.WebAsyncManagerIntegrationFilter@36e31f80, org.springframework.security.web.context.SecurityContextPersistenceFilter@7f99d7c3, org.springframework.security.web.header.HeaderWriterFilter@63fe6b3d, org.springframework.security.web.authentication.logout.LogoutFilter@d42b3e6, org.springframework.security.web.savedrequest.RequestCacheAwareFilter@3e5be520, org.springframework.security.web.servletapi.SecurityContextHolderAwareRequestFilter@c6954c3, org.springframework.security.web.authentication.AnonymousAuthenticationFilter@6fe9829f, org.springframework.security.web.session.SessionManagementFilter@26737be0, org.springframework.security.web.access.ExceptionTranslationFilter@38385f18, org.springframework.security.web.access.intercept.FilterSecurityInterceptor@559380ae]
2020-06-19 20:38:48.435 INFO  --- [restartedMain] o.s.scheduling.concurrent.ThreadPoolTaskExecutor - Initializing ExecutorService 'applicationTaskExecutor'
2020-06-19 20:38:48.482 INFO  --- [restartedMain] o.s.b.d.autoconfigure.OptionalLiveReloadServer - LiveReload server is running on port 35729
2020-06-19 20:38:48.613 INFO  --- [restartedMain] s.d.s.web.plugins.DocumentationPluginsBootstrapper - Context refreshed
2020-06-19 20:38:48.625 INFO  --- [restartedMain] s.d.s.web.plugins.DocumentationPluginsBootstrapper - Found 1 custom documentation plugin(s)
2020-06-19 20:38:48.658 INFO  --- [restartedMain] s.d.spring.web.scanners.ApiListingReferenceScanner - Scanning for api listing references
2020-06-19 20:38:48.756 INFO  --- [restartedMain] s.d.s.w.r.operation.CachingOperationNameGenerator - Generating unique operation named: addUsingPOST_1
2020-06-19 20:38:48.757 INFO  --- [restartedMain] s.d.s.w.r.operation.CachingOperationNameGenerator - Generating unique operation named: deleteUsingDELETE_1
2020-06-19 20:38:48.758 INFO  --- [restartedMain] s.d.s.w.r.operation.CachingOperationNameGenerator - Generating unique operation named: findAllUsingGET_1
2020-06-19 20:38:48.760 INFO  --- [restartedMain] s.d.s.w.r.operation.CachingOperationNameGenerator - Generating unique operation named: findByIdUsingGET_1
2020-06-19 20:38:48.761 INFO  --- [restartedMain] s.d.s.w.r.operation.CachingOperationNameGenerator - Generating unique operation named: updateUsingPUT_1
2020-06-19 20:38:48.764 INFO  --- [restartedMain] s.d.s.w.r.operation.CachingOperationNameGenerator - Generating unique operation named: addUsingPOST_2
2020-06-19 20:38:48.765 INFO  --- [restartedMain] s.d.s.w.r.operation.CachingOperationNameGenerator - Generating unique operation named: deleteUsingDELETE_2
2020-06-19 20:38:48.766 INFO  --- [restartedMain] s.d.s.w.r.operation.CachingOperationNameGenerator - Generating unique operation named: findAllUsingGET_2
2020-06-19 20:38:48.768 INFO  --- [restartedMain] s.d.s.w.r.operation.CachingOperationNameGenerator - Generating unique operation named: findByIdUsingGET_2
2020-06-19 20:38:48.770 INFO  --- [restartedMain] s.d.s.w.r.operation.CachingOperationNameGenerator - Generating unique operation named: updateUsingPUT_2
2020-06-19 20:38:48.771 INFO  --- [restartedMain] s.d.s.w.r.operation.CachingOperationNameGenerator - Generating unique operation named: addUsingPOST_3
2020-06-19 20:38:48.773 INFO  --- [restartedMain] s.d.s.w.r.operation.CachingOperationNameGenerator - Generating unique operation named: deleteUsingDELETE_3
2020-06-19 20:38:48.776 INFO  --- [restartedMain] s.d.s.w.r.operation.CachingOperationNameGenerator - Generating unique operation named: findAllUsingGET_3
2020-06-19 20:38:48.778 INFO  --- [restartedMain] s.d.s.w.r.operation.CachingOperationNameGenerator - Generating unique operation named: findByIdUsingGET_3
2020-06-19 20:38:48.779 INFO  --- [restartedMain] s.d.s.w.r.operation.CachingOperationNameGenerator - Generating unique operation named: updateUsingPUT_3
2020-06-19 20:38:48.793 INFO  --- [restartedMain] org.apache.coyote.http11.Http11NioProtocol - Starting ProtocolHandler ["http-nio-8888"]
2020-06-19 20:38:48.811 INFO  --- [restartedMain] o.s.boot.web.embedded.tomcat.TomcatWebServer - Tomcat started on port(s): 8888 (http) with context path ''
2020-06-19 20:38:48.814 INFO  --- [restartedMain] xyz.blog.PersonalBlogApplication - Started PersonalBlogApplication in 3.474 seconds (JVM running for 4.129)
2020-06-19 20:39:07.215 INFO  --- [http-nio-8888-exec-1] o.a.c.core.ContainerBase.[Tomcat].[localhost].[/] - Initializing Spring DispatcherServlet 'dispatcherServlet'
2020-06-19 20:39:07.215 INFO  --- [http-nio-8888-exec-1] org.springframework.web.servlet.DispatcherServlet - Initializing Servlet 'dispatcherServlet'
2020-06-19 20:39:07.221 INFO  --- [http-nio-8888-exec-1] org.springframework.web.servlet.DispatcherServlet - Completed initialization in 6 ms
2020-06-19 20:39:07.545 INFO  --- [http-nio-8888-exec-1] com.zaxxer.hikari.HikariDataSource - HikariPool-1 - Starting...
2020-06-19 20:39:07.642 INFO  --- [http-nio-8888-exec-1] com.zaxxer.hikari.HikariDataSource - HikariPool-1 - Start completed.
2020-06-19 20:42:01.792 INFO  --- [Thread-11] o.s.scheduling.concurrent.ThreadPoolTaskExecutor - Shutting down ExecutorService 'applicationTaskExecutor'
2020-06-19 20:42:01.794 INFO  --- [Thread-11] com.zaxxer.hikari.HikariDataSource - HikariPool-1 - Shutdown initiated...
2020-06-19 20:42:01.803 INFO  --- [Thread-11] com.zaxxer.hikari.HikariDataSource - HikariPool-1 - Shutdown completed.
2020-06-19 20:42:02.110 INFO  --- [restartedMain] xyz.blog.PersonalBlogApplication - Starting PersonalBlogApplication on admin with PID 12472 (G:\javaProject\personal_blog\target\classes started by Machenike in G:\javaProject\personal_blog)
2020-06-19 20:42:02.111 INFO  --- [restartedMain] xyz.blog.PersonalBlogApplication - The following profiles are active: dev
2020-06-19 20:42:02.503 INFO  --- [restartedMain] o.s.c.s.PostProcessorRegistrationDelegate$BeanPostProcessorChecker - Bean 'org.springframework.transaction.annotation.ProxyTransactionManagementConfiguration' of type [org.springframework.transaction.annotation.ProxyTransactionManagementConfiguration$$EnhancerBySpringCGLIB$$c5461bff] is not eligible for getting processed by all BeanPostProcessors (for example: not eligible for auto-proxying)
2020-06-19 20:42:02.582 INFO  --- [restartedMain] o.s.boot.web.embedded.tomcat.TomcatWebServer - Tomcat initialized with port(s): 8888 (http)
2020-06-19 20:42:02.583 INFO  --- [restartedMain] org.apache.coyote.http11.Http11NioProtocol - Initializing ProtocolHandler ["http-nio-8888"]
2020-06-19 20:42:02.583 INFO  --- [restartedMain] org.apache.catalina.core.StandardService - Starting service [Tomcat]
2020-06-19 20:42:02.583 INFO  --- [restartedMain] org.apache.catalina.core.StandardEngine - Starting Servlet engine: [Apache Tomcat/9.0.16]
2020-06-19 20:42:02.597 INFO  --- [restartedMain] o.a.c.core.ContainerBase.[Tomcat].[localhost].[/] - Initializing Spring embedded WebApplicationContext
2020-06-19 20:42:02.597 INFO  --- [restartedMain] org.springframework.web.context.ContextLoader - Root WebApplicationContext: initialization completed in 485 ms
2020-06-19 20:42:03.051 INFO  --- [restartedMain] s.d.s.w.PropertySourcedRequestMappingHandlerMapping - Mapped URL path [/v2/api-docs] onto method [public org.springframework.http.ResponseEntity<springfox.documentation.spring.web.json.Json> springfox.documentation.swagger2.web.Swagger2Controller.getDocumentation(java.lang.String,javax.servlet.http.HttpServletRequest)]
2020-06-19 20:42:03.079 INFO  --- [restartedMain] o.s.b.a.s.s.UserDetailsServiceAutoConfiguration - 

Using generated security password: 6cebe4e0-d115-44a7-8670-57a30903fedd

2020-06-19 20:42:03.091 INFO  --- [restartedMain] o.s.security.web.DefaultSecurityFilterChain - Creating filter chain: any request, [org.springframework.security.web.context.request.async.WebAsyncManagerIntegrationFilter@30556d36, org.springframework.security.web.context.SecurityContextPersistenceFilter@3c1090f2, org.springframework.security.web.header.HeaderWriterFilter@1a68e3cf, org.springframework.security.web.authentication.logout.LogoutFilter@6a3a092f, org.springframework.security.web.savedrequest.RequestCacheAwareFilter@68b930ed, org.springframework.security.web.servletapi.SecurityContextHolderAwareRequestFilter@3592c0ae, org.springframework.security.web.authentication.AnonymousAuthenticationFilter@167d3378, org.springframework.security.web.session.SessionManagementFilter@6077f01b, org.springframework.security.web.access.ExceptionTranslationFilter@b6bf2d7, org.springframework.security.web.access.intercept.FilterSecurityInterceptor@148019cc]
2020-06-19 20:42:03.166 INFO  --- [restartedMain] o.s.scheduling.concurrent.ThreadPoolTaskExecutor - Initializing ExecutorService 'applicationTaskExecutor'
2020-06-19 20:42:03.179 INFO  --- [restartedMain] o.s.b.d.autoconfigure.OptionalLiveReloadServer - LiveReload server is running on port 35729
2020-06-19 20:42:03.240 INFO  --- [restartedMain] s.d.s.web.plugins.DocumentationPluginsBootstrapper - Context refreshed
2020-06-19 20:42:03.240 INFO  --- [restartedMain] s.d.s.web.plugins.DocumentationPluginsBootstrapper - Found 1 custom documentation plugin(s)
2020-06-19 20:42:03.248 INFO  --- [restartedMain] s.d.spring.web.scanners.ApiListingReferenceScanner - Scanning for api listing references
2020-06-19 20:42:03.278 INFO  --- [restartedMain] s.d.s.w.r.operation.CachingOperationNameGenerator - Generating unique operation named: addUsingPOST_1
2020-06-19 20:42:03.279 INFO  --- [restartedMain] s.d.s.w.r.operation.CachingOperationNameGenerator - Generating unique operation named: deleteUsingDELETE_1
2020-06-19 20:42:03.281 INFO  --- [restartedMain] s.d.s.w.r.operation.CachingOperationNameGenerator - Generating unique operation named: findAllUsingGET_1
2020-06-19 20:42:03.283 INFO  --- [restartedMain] s.d.s.w.r.operation.CachingOperationNameGenerator - Generating unique operation named: findByIdUsingGET_1
2020-06-19 20:42:03.284 INFO  --- [restartedMain] s.d.s.w.r.operation.CachingOperationNameGenerator - Generating unique operation named: updateUsingPUT_1
2020-06-19 20:42:03.288 INFO  --- [restartedMain] s.d.s.w.r.operation.CachingOperationNameGenerator - Generating unique operation named: addUsingPOST_2
2020-06-19 20:42:03.289 INFO  --- [restartedMain] s.d.s.w.r.operation.CachingOperationNameGenerator - Generating unique operation named: deleteUsingDELETE_2
2020-06-19 20:42:03.291 INFO  --- [restartedMain] s.d.s.w.r.operation.CachingOperationNameGenerator - Generating unique operation named: findAllUsingGET_2
2020-06-19 20:42:03.292 INFO  --- [restartedMain] s.d.s.w.r.operation.CachingOperationNameGenerator - Generating unique operation named: findByIdUsingGET_2
2020-06-19 20:42:03.294 INFO  --- [restartedMain] s.d.s.w.r.operation.CachingOperationNameGenerator - Generating unique operation named: updateUsingPUT_2
2020-06-19 20:42:03.295 INFO  --- [restartedMain] s.d.s.w.r.operation.CachingOperationNameGenerator - Generating unique operation named: addUsingPOST_3
2020-06-19 20:42:03.296 INFO  --- [restartedMain] s.d.s.w.r.operation.CachingOperationNameGenerator - Generating unique operation named: deleteUsingDELETE_3
2020-06-19 20:42:03.297 INFO  --- [restartedMain] s.d.s.w.r.operation.CachingOperationNameGenerator - Generating unique operation named: findAllUsingGET_3
2020-06-19 20:42:03.299 INFO  --- [restartedMain] s.d.s.w.r.operation.CachingOperationNameGenerator - Generating unique operation named: findByIdUsingGET_3
2020-06-19 20:42:03.300 INFO  --- [restartedMain] s.d.s.w.r.operation.CachingOperationNameGenerator - Generating unique operation named: updateUsingPUT_3
2020-06-19 20:42:03.304 INFO  --- [restartedMain] org.apache.coyote.http11.Http11NioProtocol - Starting ProtocolHandler ["http-nio-8888"]
2020-06-19 20:42:03.307 INFO  --- [restartedMain] o.s.boot.web.embedded.tomcat.TomcatWebServer - Tomcat started on port(s): 8888 (http) with context path ''
2020-06-19 20:42:03.307 INFO  --- [restartedMain] xyz.blog.PersonalBlogApplication - Started PersonalBlogApplication in 1.233 seconds (JVM running for 198.622)
2020-06-19 20:42:03.310 INFO  --- [restartedMain] o.s.b.d.a.ConditionEvaluationDeltaLoggingListener - Condition evaluation unchanged
