2020-06-18 22:42:06.796 INFO  --- [restartedMain] xyz.blog.PersonalBlogApplication - Starting PersonalBlogApplication on admin with PID 2784 (G:\javaProject\personal_blog\target\classes started by Machenike in G:\javaProject\personal_blog)
2020-06-18 22:42:06.805 INFO  --- [restartedMain] xyz.blog.PersonalBlogApplication - The following profiles are active: dev
2020-06-18 22:42:06.897 INFO  --- [restartedMain] o.s.b.d.env.DevToolsPropertyDefaultsPostProcessor - Devtools property defaults active! Set 'spring.devtools.add-properties' to 'false' to disable
2020-06-18 22:42:06.898 INFO  --- [restartedMain] o.s.b.d.env.DevToolsPropertyDefaultsPostProcessor - For additional web related logging consider setting the 'logging.level.web' property to 'DEBUG'
2020-06-18 22:42:07.865 INFO  --- [restartedMain] o.s.c.s.PostProcessorRegistrationDelegate$BeanPostProcessorChecker - Bean 'org.springframework.transaction.annotation.ProxyTransactionManagementConfiguration' of type [org.springframework.transaction.annotation.ProxyTransactionManagementConfiguration$$EnhancerBySpringCGLIB$$113f8925] is not eligible for getting processed by all BeanPostProcessors (for example: not eligible for auto-proxying)
2020-06-18 22:42:08.199 INFO  --- [restartedMain] o.s.boot.web.embedded.tomcat.TomcatWebServer - Tomcat initialized with port(s): 8888 (http)
2020-06-18 22:42:08.212 INFO  --- [restartedMain] org.apache.coyote.http11.Http11NioProtocol - Initializing ProtocolHandler ["http-nio-8888"]
2020-06-18 22:42:08.220 INFO  --- [restartedMain] org.apache.catalina.core.StandardService - Starting service [Tomcat]
2020-06-18 22:42:08.220 INFO  --- [restartedMain] org.apache.catalina.core.StandardEngine - Starting Servlet engine: [Apache Tomcat/9.0.16]
2020-06-18 22:42:08.226 INFO  --- [restartedMain] org.apache.catalina.core.AprLifecycleListener - The APR based Apache Tomcat Native library which allows optimal performance in production environments was not found on the java.library.path: [D:\Java\jdk1.8.0_144\bin;C:\WINDOWS\Sun\Java\bin;C:\WINDOWS\system32;C:\WINDOWS;D:\Tool\NetSarang\Xftp6\;D:\Tool\NetSarang\Xshell6\;C:\Windows\system32;C:\Windows;C:\Windows\System32\Wbem;C:\Windows\System32\WindowsPowerShell\v1.0\;C:\Program Files (x86)\NVIDIA Corporation\PhysX\Common;C:\Program Files\Intel\WiFi\bin\;C:\Program Files\Common Files\Intel\WirelessCommon\;D:\Java\jdk1.8.0_144\bin;D:\Tool\Git\cmd;C:\Program Files (x86)\MySQL\MySQL Server 5.5\bin;C:\WINDOWS\system32;C:\WINDOWS;C:\WINDOWS\System32\Wbem;C:\WINDOWS\System32\WindowsPowerShell\v1.0\;D:\Tool\MongoDB\Server\4.0\bin;D:\Android\SDK\platform-tools;D:\Android\SDK\tools;C:\WINDOWS\System32\OpenSSH\;D:\Program Files\Microsoft VS Code\bin;D:\flutter\flutter\bin;D:\Program Files\erl9.2\bin;D:\MinGW\bin;C:\Program Files\nodejs\;D:\Program Files\Python36\Scripts\;D:\Program Files\Python36\;C:\Users\Machenike\AppData\Local\Microsoft\WindowsApps;C:\Program Files\Intel\WiFi\bin\;C:\Program Files\Common Files\Intel\WirelessCommon\;D:\Program Files\Microsoft VS Code\bin;D:\Program Files\Python36\Lib\site-packages\Django-1.8.19-py3.6.egg\django\bin;D:\Java\apache-maven-3.2.2\bin;C:\Users\Machenike\AppData\Roaming\npm;.]
2020-06-18 22:42:08.301 INFO  --- [restartedMain] o.a.c.core.ContainerBase.[Tomcat].[localhost].[/] - Initializing Spring embedded WebApplicationContext
2020-06-18 22:42:08.301 INFO  --- [restartedMain] org.springframework.web.context.ContextLoader - Root WebApplicationContext: initialization completed in 1402 ms
2020-06-18 22:42:09.348 INFO  --- [restartedMain] s.d.s.w.PropertySourcedRequestMappingHandlerMapping - Mapped URL path [/v2/api-docs] onto method [public org.springframework.http.ResponseEntity<springfox.documentation.spring.web.json.Json> springfox.documentation.swagger2.web.Swagger2Controller.getDocumentation(java.lang.String,javax.servlet.http.HttpServletRequest)]
2020-06-18 22:42:09.411 INFO  --- [restartedMain] o.s.b.a.s.s.UserDetailsServiceAutoConfiguration - 

Using generated security password: e4d24273-03a3-4d0f-82cd-19633ca3a94e

2020-06-18 22:42:09.484 INFO  --- [restartedMain] o.s.security.web.DefaultSecurityFilterChain - Creating filter chain: any request, [org.springframework.security.web.context.request.async.WebAsyncManagerIntegrationFilter@650f6576, org.springframework.security.web.context.SecurityContextPersistenceFilter@15398400, org.springframework.security.web.header.HeaderWriterFilter@38f20865, org.springframework.security.web.authentication.logout.LogoutFilter@6c8c579b, org.springframework.security.web.savedrequest.RequestCacheAwareFilter@20b354d1, org.springframework.security.web.servletapi.SecurityContextHolderAwareRequestFilter@24508311, org.springframework.security.web.authentication.AnonymousAuthenticationFilter@277e906a, org.springframework.security.web.session.SessionManagementFilter@7d01bbc, org.springframework.security.web.access.ExceptionTranslationFilter@6080270e, org.springframework.security.web.access.intercept.FilterSecurityInterceptor@5393c1ec]
2020-06-18 22:42:09.608 INFO  --- [restartedMain] o.s.scheduling.concurrent.ThreadPoolTaskExecutor - Initializing ExecutorService 'applicationTaskExecutor'
2020-06-18 22:42:09.649 INFO  --- [restartedMain] o.s.b.d.autoconfigure.OptionalLiveReloadServer - LiveReload server is running on port 35729
2020-06-18 22:42:09.802 INFO  --- [restartedMain] s.d.s.web.plugins.DocumentationPluginsBootstrapper - Context refreshed
2020-06-18 22:42:09.817 INFO  --- [restartedMain] s.d.s.web.plugins.DocumentationPluginsBootstrapper - Found 1 custom documentation plugin(s)
2020-06-18 22:42:09.851 INFO  --- [restartedMain] s.d.spring.web.scanners.ApiListingReferenceScanner - Scanning for api listing references
2020-06-18 22:42:09.948 INFO  --- [restartedMain] s.d.s.w.r.operation.CachingOperationNameGenerator - Generating unique operation named: addUsingPOST_1
2020-06-18 22:42:09.950 INFO  --- [restartedMain] s.d.s.w.r.operation.CachingOperationNameGenerator - Generating unique operation named: deleteUsingDELETE_1
2020-06-18 22:42:09.951 INFO  --- [restartedMain] s.d.s.w.r.operation.CachingOperationNameGenerator - Generating unique operation named: findAllUsingGET_1
2020-06-18 22:42:09.952 INFO  --- [restartedMain] s.d.s.w.r.operation.CachingOperationNameGenerator - Generating unique operation named: findByIdUsingGET_1
2020-06-18 22:42:09.954 INFO  --- [restartedMain] s.d.s.w.r.operation.CachingOperationNameGenerator - Generating unique operation named: updateUsingPUT_1
2020-06-18 22:42:09.958 INFO  --- [restartedMain] s.d.s.w.r.operation.CachingOperationNameGenerator - Generating unique operation named: addUsingPOST_2
2020-06-18 22:42:09.959 INFO  --- [restartedMain] s.d.s.w.r.operation.CachingOperationNameGenerator - Generating unique operation named: deleteUsingDELETE_2
2020-06-18 22:42:09.960 INFO  --- [restartedMain] s.d.s.w.r.operation.CachingOperationNameGenerator - Generating unique operation named: findAllUsingGET_2
2020-06-18 22:42:09.961 INFO  --- [restartedMain] s.d.s.w.r.operation.CachingOperationNameGenerator - Generating unique operation named: findByIdUsingGET_2
2020-06-18 22:42:09.963 INFO  --- [restartedMain] s.d.s.w.r.operation.CachingOperationNameGenerator - Generating unique operation named: updateUsingPUT_2
2020-06-18 22:42:09.965 INFO  --- [restartedMain] s.d.s.w.r.operation.CachingOperationNameGenerator - Generating unique operation named: addUsingPOST_3
2020-06-18 22:42:09.966 INFO  --- [restartedMain] s.d.s.w.r.operation.CachingOperationNameGenerator - Generating unique operation named: deleteUsingDELETE_3
2020-06-18 22:42:09.970 INFO  --- [restartedMain] s.d.s.w.r.operation.CachingOperationNameGenerator - Generating unique operation named: findAllUsingGET_3
2020-06-18 22:42:09.972 INFO  --- [restartedMain] s.d.s.w.r.operation.CachingOperationNameGenerator - Generating unique operation named: findByIdUsingGET_3
2020-06-18 22:42:09.974 INFO  --- [restartedMain] s.d.s.w.r.operation.CachingOperationNameGenerator - Generating unique operation named: updateUsingPUT_3
2020-06-18 22:42:09.987 INFO  --- [restartedMain] org.apache.coyote.http11.Http11NioProtocol - Starting ProtocolHandler ["http-nio-8888"]
2020-06-18 22:42:10.006 INFO  --- [restartedMain] o.s.boot.web.embedded.tomcat.TomcatWebServer - Tomcat started on port(s): 8888 (http) with context path ''
2020-06-18 22:42:10.009 INFO  --- [restartedMain] xyz.blog.PersonalBlogApplication - Started PersonalBlogApplication in 3.642 seconds (JVM running for 4.299)
2020-06-18 22:42:21.922 INFO  --- [http-nio-8888-exec-1] o.a.c.core.ContainerBase.[Tomcat].[localhost].[/] - Initializing Spring DispatcherServlet 'dispatcherServlet'
2020-06-18 22:42:21.922 INFO  --- [http-nio-8888-exec-1] org.springframework.web.servlet.DispatcherServlet - Initializing Servlet 'dispatcherServlet'
2020-06-18 22:42:21.927 INFO  --- [http-nio-8888-exec-1] org.springframework.web.servlet.DispatcherServlet - Completed initialization in 5 ms
2020-06-18 22:52:53.014 INFO  --- [restartedMain] xyz.blog.PersonalBlogApplication - Starting PersonalBlogApplication on admin with PID 14724 (G:\javaProject\personal_blog\target\classes started by Machenike in G:\javaProject\personal_blog)
2020-06-18 22:52:53.017 INFO  --- [restartedMain] xyz.blog.PersonalBlogApplication - The following profiles are active: dev
2020-06-18 22:52:53.110 INFO  --- [restartedMain] o.s.b.d.env.DevToolsPropertyDefaultsPostProcessor - Devtools property defaults active! Set 'spring.devtools.add-properties' to 'false' to disable
2020-06-18 22:52:53.111 INFO  --- [restartedMain] o.s.b.d.env.DevToolsPropertyDefaultsPostProcessor - For additional web related logging consider setting the 'logging.level.web' property to 'DEBUG'
2020-06-18 22:52:54.152 INFO  --- [restartedMain] o.s.c.s.PostProcessorRegistrationDelegate$BeanPostProcessorChecker - Bean 'org.springframework.transaction.annotation.ProxyTransactionManagementConfiguration' of type [org.springframework.transaction.annotation.ProxyTransactionManagementConfiguration$$EnhancerBySpringCGLIB$$145bd9e2] is not eligible for getting processed by all BeanPostProcessors (for example: not eligible for auto-proxying)
2020-06-18 22:52:54.524 INFO  --- [restartedMain] o.s.boot.web.embedded.tomcat.TomcatWebServer - Tomcat initialized with port(s): 8888 (http)
2020-06-18 22:52:54.536 INFO  --- [restartedMain] org.apache.coyote.http11.Http11NioProtocol - Initializing ProtocolHandler ["http-nio-8888"]
2020-06-18 22:52:54.544 INFO  --- [restartedMain] org.apache.catalina.core.StandardService - Starting service [Tomcat]
2020-06-18 22:52:54.545 INFO  --- [restartedMain] org.apache.catalina.core.StandardEngine - Starting Servlet engine: [Apache Tomcat/9.0.16]
2020-06-18 22:52:54.552 INFO  --- [restartedMain] org.apache.catalina.core.AprLifecycleListener - The APR based Apache Tomcat Native library which allows optimal performance in production environments was not found on the java.library.path: [D:\Java\jdk1.8.0_144\bin;C:\WINDOWS\Sun\Java\bin;C:\WINDOWS\system32;C:\WINDOWS;D:\Tool\NetSarang\Xftp6\;D:\Tool\NetSarang\Xshell6\;C:\Windows\system32;C:\Windows;C:\Windows\System32\Wbem;C:\Windows\System32\WindowsPowerShell\v1.0\;C:\Program Files (x86)\NVIDIA Corporation\PhysX\Common;C:\Program Files\Intel\WiFi\bin\;C:\Program Files\Common Files\Intel\WirelessCommon\;D:\Java\jdk1.8.0_144\bin;D:\Tool\Git\cmd;C:\Program Files (x86)\MySQL\MySQL Server 5.5\bin;C:\WINDOWS\system32;C:\WINDOWS;C:\WINDOWS\System32\Wbem;C:\WINDOWS\System32\WindowsPowerShell\v1.0\;D:\Tool\MongoDB\Server\4.0\bin;D:\Android\SDK\platform-tools;D:\Android\SDK\tools;C:\WINDOWS\System32\OpenSSH\;D:\Program Files\Microsoft VS Code\bin;D:\flutter\flutter\bin;D:\Program Files\erl9.2\bin;D:\MinGW\bin;C:\Program Files\nodejs\;D:\Program Files\Python36\Scripts\;D:\Program Files\Python36\;C:\Users\Machenike\AppData\Local\Microsoft\WindowsApps;C:\Program Files\Intel\WiFi\bin\;C:\Program Files\Common Files\Intel\WirelessCommon\;D:\Program Files\Microsoft VS Code\bin;D:\Program Files\Python36\Lib\site-packages\Django-1.8.19-py3.6.egg\django\bin;D:\Java\apache-maven-3.2.2\bin;C:\Users\Machenike\AppData\Roaming\npm;.]
2020-06-18 22:52:54.626 INFO  --- [restartedMain] o.a.c.core.ContainerBase.[Tomcat].[localhost].[/] - Initializing Spring embedded WebApplicationContext
2020-06-18 22:52:54.627 INFO  --- [restartedMain] org.springframework.web.context.ContextLoader - Root WebApplicationContext: initialization completed in 1516 ms
2020-06-18 22:52:55.619 INFO  --- [restartedMain] s.d.s.w.PropertySourcedRequestMappingHandlerMapping - Mapped URL path [/v2/api-docs] onto method [public org.springframework.http.ResponseEntity<springfox.documentation.spring.web.json.Json> springfox.documentation.swagger2.web.Swagger2Controller.getDocumentation(java.lang.String,javax.servlet.http.HttpServletRequest)]
2020-06-18 22:52:55.676 INFO  --- [restartedMain] o.s.b.a.s.s.UserDetailsServiceAutoConfiguration - 

Using generated security password: c5629174-94f4-49b1-8199-6db62d27e357

2020-06-18 22:52:55.742 INFO  --- [restartedMain] o.s.security.web.DefaultSecurityFilterChain - Creating filter chain: any request, [org.springframework.security.web.context.request.async.WebAsyncManagerIntegrationFilter@29248453, org.springframework.security.web.context.SecurityContextPersistenceFilter@3e28c1cf, org.springframework.security.web.header.HeaderWriterFilter@56fa124e, org.springframework.security.web.authentication.logout.LogoutFilter@2c9f41c3, org.springframework.security.web.savedrequest.RequestCacheAwareFilter@45e9c7ab, org.springframework.security.web.servletapi.SecurityContextHolderAwareRequestFilter@5731262c, org.springframework.security.web.authentication.AnonymousAuthenticationFilter@27dda15a, org.springframework.security.web.session.SessionManagementFilter@1ff00497, org.springframework.security.web.access.ExceptionTranslationFilter@115f21b5, org.springframework.security.web.access.intercept.FilterSecurityInterceptor@3c3183b0]
2020-06-18 22:52:55.851 INFO  --- [restartedMain] o.s.scheduling.concurrent.ThreadPoolTaskExecutor - Initializing ExecutorService 'applicationTaskExecutor'
2020-06-18 22:52:55.885 INFO  --- [restartedMain] o.s.b.d.autoconfigure.OptionalLiveReloadServer - LiveReload server is running on port 35729
2020-06-18 22:52:56.027 INFO  --- [restartedMain] s.d.s.web.plugins.DocumentationPluginsBootstrapper - Context refreshed
2020-06-18 22:52:56.041 INFO  --- [restartedMain] s.d.s.web.plugins.DocumentationPluginsBootstrapper - Found 1 custom documentation plugin(s)
2020-06-18 22:52:56.073 INFO  --- [restartedMain] s.d.spring.web.scanners.ApiListingReferenceScanner - Scanning for api listing references
2020-06-18 22:52:56.172 INFO  --- [restartedMain] s.d.s.w.r.operation.CachingOperationNameGenerator - Generating unique operation named: addUsingPOST_1
2020-06-18 22:52:56.173 INFO  --- [restartedMain] s.d.s.w.r.operation.CachingOperationNameGenerator - Generating unique operation named: deleteUsingDELETE_1
2020-06-18 22:52:56.174 INFO  --- [restartedMain] s.d.s.w.r.operation.CachingOperationNameGenerator - Generating unique operation named: findAllUsingGET_1
2020-06-18 22:52:56.176 INFO  --- [restartedMain] s.d.s.w.r.operation.CachingOperationNameGenerator - Generating unique operation named: findByIdUsingGET_1
2020-06-18 22:52:56.178 INFO  --- [restartedMain] s.d.s.w.r.operation.CachingOperationNameGenerator - Generating unique operation named: updateUsingPUT_1
2020-06-18 22:52:56.182 INFO  --- [restartedMain] s.d.s.w.r.operation.CachingOperationNameGenerator - Generating unique operation named: addUsingPOST_2
2020-06-18 22:52:56.183 INFO  --- [restartedMain] s.d.s.w.r.operation.CachingOperationNameGenerator - Generating unique operation named: deleteUsingDELETE_2
2020-06-18 22:52:56.184 INFO  --- [restartedMain] s.d.s.w.r.operation.CachingOperationNameGenerator - Generating unique operation named: findAllUsingGET_2
2020-06-18 22:52:56.186 INFO  --- [restartedMain] s.d.s.w.r.operation.CachingOperationNameGenerator - Generating unique operation named: findByIdUsingGET_2
2020-06-18 22:52:56.188 INFO  --- [restartedMain] s.d.s.w.r.operation.CachingOperationNameGenerator - Generating unique operation named: updateUsingPUT_2
2020-06-18 22:52:56.189 INFO  --- [restartedMain] s.d.s.w.r.operation.CachingOperationNameGenerator - Generating unique operation named: addUsingPOST_3
2020-06-18 22:52:56.191 INFO  --- [restartedMain] s.d.s.w.r.operation.CachingOperationNameGenerator - Generating unique operation named: deleteUsingDELETE_3
2020-06-18 22:52:56.195 INFO  --- [restartedMain] s.d.s.w.r.operation.CachingOperationNameGenerator - Generating unique operation named: findAllUsingGET_3
2020-06-18 22:52:56.196 INFO  --- [restartedMain] s.d.s.w.r.operation.CachingOperationNameGenerator - Generating unique operation named: findByIdUsingGET_3
2020-06-18 22:52:56.198 INFO  --- [restartedMain] s.d.s.w.r.operation.CachingOperationNameGenerator - Generating unique operation named: updateUsingPUT_3
2020-06-18 22:52:56.212 INFO  --- [restartedMain] org.apache.coyote.http11.Http11NioProtocol - Starting ProtocolHandler ["http-nio-8888"]
2020-06-18 22:52:56.232 INFO  --- [restartedMain] o.s.boot.web.embedded.tomcat.TomcatWebServer - Tomcat started on port(s): 8888 (http) with context path ''
2020-06-18 22:52:56.236 INFO  --- [restartedMain] xyz.blog.PersonalBlogApplication - Started PersonalBlogApplication in 3.665 seconds (JVM running for 4.313)
2020-06-18 22:53:20.178 INFO  --- [http-nio-8888-exec-1] o.a.c.core.ContainerBase.[Tomcat].[localhost].[/] - Initializing Spring DispatcherServlet 'dispatcherServlet'
2020-06-18 22:53:20.179 INFO  --- [http-nio-8888-exec-1] org.springframework.web.servlet.DispatcherServlet - Initializing Servlet 'dispatcherServlet'
2020-06-18 22:53:20.185 INFO  --- [http-nio-8888-exec-1] org.springframework.web.servlet.DispatcherServlet - Completed initialization in 6 ms
2020-06-18 22:53:41.834 INFO  --- [http-nio-8888-exec-4] com.zaxxer.hikari.HikariDataSource - HikariPool-1 - Starting...
2020-06-18 22:53:41.943 INFO  --- [http-nio-8888-exec-4] com.zaxxer.hikari.HikariDataSource - HikariPool-1 - Start completed.
2020-06-18 22:53:41.997 INFO  --- [http-nio-8888-exec-4] xyz.blog.controller.LoginController - 登陆失败
2020-06-18 22:54:26.346 INFO  --- [restartedMain] xyz.blog.PersonalBlogApplication - Starting PersonalBlogApplication on admin with PID 13080 (G:\javaProject\personal_blog\target\classes started by Machenike in G:\javaProject\personal_blog)
2020-06-18 22:54:26.349 INFO  --- [restartedMain] xyz.blog.PersonalBlogApplication - The following profiles are active: dev
2020-06-18 22:54:26.433 INFO  --- [restartedMain] o.s.b.d.env.DevToolsPropertyDefaultsPostProcessor - Devtools property defaults active! Set 'spring.devtools.add-properties' to 'false' to disable
2020-06-18 22:54:26.433 INFO  --- [restartedMain] o.s.b.d.env.DevToolsPropertyDefaultsPostProcessor - For additional web related logging consider setting the 'logging.level.web' property to 'DEBUG'
2020-06-18 22:54:27.446 INFO  --- [restartedMain] o.s.c.s.PostProcessorRegistrationDelegate$BeanPostProcessorChecker - Bean 'org.springframework.transaction.annotation.ProxyTransactionManagementConfiguration' of type [org.springframework.transaction.annotation.ProxyTransactionManagementConfiguration$$EnhancerBySpringCGLIB$$48b86741] is not eligible for getting processed by all BeanPostProcessors (for example: not eligible for auto-proxying)
2020-06-18 22:54:27.850 INFO  --- [restartedMain] o.s.boot.web.embedded.tomcat.TomcatWebServer - Tomcat initialized with port(s): 8888 (http)
2020-06-18 22:54:27.866 INFO  --- [restartedMain] org.apache.coyote.http11.Http11NioProtocol - Initializing ProtocolHandler ["http-nio-8888"]
2020-06-18 22:54:27.877 INFO  --- [restartedMain] org.apache.catalina.core.StandardService - Starting service [Tomcat]
2020-06-18 22:54:27.878 INFO  --- [restartedMain] org.apache.catalina.core.StandardEngine - Starting Servlet engine: [Apache Tomcat/9.0.16]
2020-06-18 22:54:27.887 INFO  --- [restartedMain] org.apache.catalina.core.AprLifecycleListener - The APR based Apache Tomcat Native library which allows optimal performance in production environments was not found on the java.library.path: [D:\Java\jdk1.8.0_144\bin;C:\WINDOWS\Sun\Java\bin;C:\WINDOWS\system32;C:\WINDOWS;D:\Tool\NetSarang\Xftp6\;D:\Tool\NetSarang\Xshell6\;C:\Windows\system32;C:\Windows;C:\Windows\System32\Wbem;C:\Windows\System32\WindowsPowerShell\v1.0\;C:\Program Files (x86)\NVIDIA Corporation\PhysX\Common;C:\Program Files\Intel\WiFi\bin\;C:\Program Files\Common Files\Intel\WirelessCommon\;D:\Java\jdk1.8.0_144\bin;D:\Tool\Git\cmd;C:\Program Files (x86)\MySQL\MySQL Server 5.5\bin;C:\WINDOWS\system32;C:\WINDOWS;C:\WINDOWS\System32\Wbem;C:\WINDOWS\System32\WindowsPowerShell\v1.0\;D:\Tool\MongoDB\Server\4.0\bin;D:\Android\SDK\platform-tools;D:\Android\SDK\tools;C:\WINDOWS\System32\OpenSSH\;D:\Program Files\Microsoft VS Code\bin;D:\flutter\flutter\bin;D:\Program Files\erl9.2\bin;D:\MinGW\bin;C:\Program Files\nodejs\;D:\Program Files\Python36\Scripts\;D:\Program Files\Python36\;C:\Users\Machenike\AppData\Local\Microsoft\WindowsApps;C:\Program Files\Intel\WiFi\bin\;C:\Program Files\Common Files\Intel\WirelessCommon\;D:\Program Files\Microsoft VS Code\bin;D:\Program Files\Python36\Lib\site-packages\Django-1.8.19-py3.6.egg\django\bin;D:\Java\apache-maven-3.2.2\bin;C:\Users\Machenike\AppData\Roaming\npm;.]
2020-06-18 22:54:27.987 INFO  --- [restartedMain] o.a.c.core.ContainerBase.[Tomcat].[localhost].[/] - Initializing Spring embedded WebApplicationContext
2020-06-18 22:54:27.987 INFO  --- [restartedMain] org.springframework.web.context.ContextLoader - Root WebApplicationContext: initialization completed in 1554 ms
2020-06-18 22:54:28.938 INFO  --- [restartedMain] s.d.s.w.PropertySourcedRequestMappingHandlerMapping - Mapped URL path [/v2/api-docs] onto method [public org.springframework.http.ResponseEntity<springfox.documentation.spring.web.json.Json> springfox.documentation.swagger2.web.Swagger2Controller.getDocumentation(java.lang.String,javax.servlet.http.HttpServletRequest)]
2020-06-18 22:54:28.994 INFO  --- [restartedMain] o.s.b.a.s.s.UserDetailsServiceAutoConfiguration - 

Using generated security password: a38b2347-0033-4861-a320-4a1ed35b9603

2020-06-18 22:54:29.065 INFO  --- [restartedMain] o.s.security.web.DefaultSecurityFilterChain - Creating filter chain: any request, [org.springframework.security.web.context.request.async.WebAsyncManagerIntegrationFilter@4fbc63f1, org.springframework.security.web.context.SecurityContextPersistenceFilter@179084aa, org.springframework.security.web.header.HeaderWriterFilter@5cda66c6, org.springframework.security.web.authentication.logout.LogoutFilter@34973790, org.springframework.security.web.savedrequest.RequestCacheAwareFilter@24f94942, org.springframework.security.web.servletapi.SecurityContextHolderAwareRequestFilter@10720082, org.springframework.security.web.authentication.AnonymousAuthenticationFilter@6fc2153b, org.springframework.security.web.session.SessionManagementFilter@300b9651, org.springframework.security.web.access.ExceptionTranslationFilter@7f2c5252, org.springframework.security.web.access.intercept.FilterSecurityInterceptor@6a7088b4]
2020-06-18 22:54:29.176 INFO  --- [restartedMain] o.s.scheduling.concurrent.ThreadPoolTaskExecutor - Initializing ExecutorService 'applicationTaskExecutor'
2020-06-18 22:54:29.211 INFO  --- [restartedMain] o.s.b.d.autoconfigure.OptionalLiveReloadServer - LiveReload server is running on port 35729
2020-06-18 22:54:29.340 INFO  --- [restartedMain] s.d.s.web.plugins.DocumentationPluginsBootstrapper - Context refreshed
2020-06-18 22:54:29.353 INFO  --- [restartedMain] s.d.s.web.plugins.DocumentationPluginsBootstrapper - Found 1 custom documentation plugin(s)
2020-06-18 22:54:29.384 INFO  --- [restartedMain] s.d.spring.web.scanners.ApiListingReferenceScanner - Scanning for api listing references
2020-06-18 22:54:29.489 INFO  --- [restartedMain] s.d.s.w.r.operation.CachingOperationNameGenerator - Generating unique operation named: addUsingPOST_1
2020-06-18 22:54:29.491 INFO  --- [restartedMain] s.d.s.w.r.operation.CachingOperationNameGenerator - Generating unique operation named: deleteUsingDELETE_1
2020-06-18 22:54:29.492 INFO  --- [restartedMain] s.d.s.w.r.operation.CachingOperationNameGenerator - Generating unique operation named: findAllUsingGET_1
2020-06-18 22:54:29.493 INFO  --- [restartedMain] s.d.s.w.r.operation.CachingOperationNameGenerator - Generating unique operation named: findByIdUsingGET_1
2020-06-18 22:54:29.495 INFO  --- [restartedMain] s.d.s.w.r.operation.CachingOperationNameGenerator - Generating unique operation named: updateUsingPUT_1
2020-06-18 22:54:29.497 INFO  --- [restartedMain] s.d.s.w.r.operation.CachingOperationNameGenerator - Generating unique operation named: addUsingPOST_2
2020-06-18 22:54:29.499 INFO  --- [restartedMain] s.d.s.w.r.operation.CachingOperationNameGenerator - Generating unique operation named: deleteUsingDELETE_2
2020-06-18 22:54:29.500 INFO  --- [restartedMain] s.d.s.w.r.operation.CachingOperationNameGenerator - Generating unique operation named: findAllUsingGET_2
2020-06-18 22:54:29.502 INFO  --- [restartedMain] s.d.s.w.r.operation.CachingOperationNameGenerator - Generating unique operation named: findByIdUsingGET_2
2020-06-18 22:54:29.503 INFO  --- [restartedMain] s.d.s.w.r.operation.CachingOperationNameGenerator - Generating unique operation named: updateUsingPUT_2
2020-06-18 22:54:29.505 INFO  --- [restartedMain] s.d.s.w.r.operation.CachingOperationNameGenerator - Generating unique operation named: addUsingPOST_3
2020-06-18 22:54:29.506 INFO  --- [restartedMain] s.d.s.w.r.operation.CachingOperationNameGenerator - Generating unique operation named: deleteUsingDELETE_3
2020-06-18 22:54:29.510 INFO  --- [restartedMain] s.d.s.w.r.operation.CachingOperationNameGenerator - Generating unique operation named: findAllUsingGET_3
2020-06-18 22:54:29.511 INFO  --- [restartedMain] s.d.s.w.r.operation.CachingOperationNameGenerator - Generating unique operation named: findByIdUsingGET_3
2020-06-18 22:54:29.513 INFO  --- [restartedMain] s.d.s.w.r.operation.CachingOperationNameGenerator - Generating unique operation named: updateUsingPUT_3
2020-06-18 22:54:29.527 INFO  --- [restartedMain] org.apache.coyote.http11.Http11NioProtocol - Starting ProtocolHandler ["http-nio-8888"]
2020-06-18 22:54:29.545 INFO  --- [restartedMain] o.s.boot.web.embedded.tomcat.TomcatWebServer - Tomcat started on port(s): 8888 (http) with context path ''
2020-06-18 22:54:29.548 INFO  --- [restartedMain] xyz.blog.PersonalBlogApplication - Started PersonalBlogApplication in 3.645 seconds (JVM running for 4.293)
2020-06-18 22:54:33.752 INFO  --- [http-nio-8888-exec-1] o.a.c.core.ContainerBase.[Tomcat].[localhost].[/] - Initializing Spring DispatcherServlet 'dispatcherServlet'
2020-06-18 22:54:33.752 INFO  --- [http-nio-8888-exec-1] org.springframework.web.servlet.DispatcherServlet - Initializing Servlet 'dispatcherServlet'
2020-06-18 22:54:33.759 INFO  --- [http-nio-8888-exec-1] org.springframework.web.servlet.DispatcherServlet - Completed initialization in 7 ms
2020-06-18 22:54:33.874 INFO  --- [http-nio-8888-exec-1] com.zaxxer.hikari.HikariDataSource - HikariPool-1 - Starting...
2020-06-18 22:54:33.964 INFO  --- [http-nio-8888-exec-1] com.zaxxer.hikari.HikariDataSource - HikariPool-1 - Start completed.
2020-06-18 22:54:34.007 INFO  --- [http-nio-8888-exec-1] xyz.blog.controller.LoginController - ===================>登陆失败
